============================================================================================== 
Warning! Mixing Conda and module environments may lead to corruption of the
user environment. 
We do not recommend users mixing those two environments unless absolutely
necessary. Note that 
SURF does not provide any support for Conda environment.
For more information, please refer to our software policy page:
https://servicedesk.surf.nl/wiki/display/WIKI/Software+policy+Snellius+and+Lisa#SoftwarepolicySnelliusandLisa-UseofAnacondaandMinicondaenvironmentsonSnellius 

Remember that many packages have already been installed on the system and can
be loaded using 
the 'module load <package__name>' command. If you are uncertain if a package is
already available 
on the system, please use 'module avail' or 'module spider' to search for it.
============================================================================================== 
To connect to the notebook type the following command from your local terminal:
ssh -N -J scur1045@int6-pub.snellius.surf.nl scur1045@gcn67.local.snellius.surf.nl -L 5495:localhost:5495

After connection is established in your local browser go to the address:
http://localhost:5495
[I 09:52:42.700 NotebookApp] Serving notebooks from local directory: /gpfs/home5/scur1045
[I 09:52:42.700 NotebookApp] Jupyter Notebook 6.5.6 is running at:
[I 09:52:42.700 NotebookApp] http://localhost:5495/?token=0458901a7ea5187873bac6235a47cc21a02909656554b833
[I 09:52:42.700 NotebookApp]  or http://127.0.0.1:5495/?token=0458901a7ea5187873bac6235a47cc21a02909656554b833
[I 09:52:42.700 NotebookApp] Use Control-C to stop this server and shut down all kernels (twice to skip confirmation).
[C 09:52:42.709 NotebookApp] 
    
    To access the notebook, open this file in a browser:
        file:///gpfs/home5/scur1045/.local/share/jupyter/runtime/nbserver-122727-open.html
    Or copy and paste one of these URLs:
        http://localhost:5495/?token=0458901a7ea5187873bac6235a47cc21a02909656554b833
     or http://127.0.0.1:5495/?token=0458901a7ea5187873bac6235a47cc21a02909656554b833
[I 10:15:07.430 NotebookApp] 302 GET /?token=0458901a7ea5187873bac6235a47cc21a02909656554b833 (::1) 0.480000ms
[W 10:15:14.149 NotebookApp] Notebook FACT-project/LUMEN.ipynb is not trusted
[I 10:15:14.905 NotebookApp] Kernel started: 732af6a1-fda6-46db-9df9-f9c336e8baa8, name: python3
[IPKernelApp] ERROR | No such comm target registered: jupyter.widget.control
[IPKernelApp] WARNING | No such comm: bc234d3d-5339-4b85-9d0e-b2590e1f1e59
[I 10:17:14.913 NotebookApp] Saving file at /FACT-project/LUMEN.ipynb
[I 10:19:14.929 NotebookApp] Saving file at /FACT-project/LUMEN.ipynb
[I 10:19:44.959 NotebookApp] 302 GET /?token=0458901a7ea5187873bac6235a47cc21a02909656554b833 (::1) 0.420000ms
[I 10:20:15.676 NotebookApp] Copying FACT-project/LUMEN.ipynb to /FACT-project
[I 10:20:31.663 NotebookApp] Kernel started: b761631d-4cea-4d3c-b977-a28478d49641, name: python3
[IPKernelApp] ERROR | No such comm target registered: jupyter.widget.control
[IPKernelApp] WARNING | No such comm: 7232a85f-2c11-47e8-8970-aaca12669cba
[I 10:21:14.904 NotebookApp] Saving file at /FACT-project/LUMEN.ipynb
[I 10:23:14.945 NotebookApp] Saving file at /FACT-project/LUMEN.ipynb
[I 10:25:14.897 NotebookApp] Saving file at /FACT-project/LUMEN.ipynb
[I 10:27:14.917 NotebookApp] Saving file at /FACT-project/LUMEN.ipynb
[I 10:29:14.891 NotebookApp] Saving file at /FACT-project/LUMEN.ipynb
[I 10:31:14.902 NotebookApp] Saving file at /FACT-project/LUMEN.ipynb
[I 10:33:14.895 NotebookApp] Saving file at /FACT-project/LUMEN.ipynb
[I 10:35:15.186 NotebookApp] Saving file at /FACT-project/LUMEN.ipynb
[I 10:37:14.908 NotebookApp] Saving file at /FACT-project/LUMEN.ipynb
[I 10:39:15.191 NotebookApp] Saving file at /FACT-project/LUMEN.ipynb
[I 10:41:14.923 NotebookApp] Saving file at /FACT-project/LUMEN.ipynb
[I 10:43:14.911 NotebookApp] Saving file at /FACT-project/LUMEN.ipynb
[I 10:45:14.909 NotebookApp] Saving file at /FACT-project/LUMEN.ipynb
[I 10:47:14.900 NotebookApp] Saving file at /FACT-project/LUMEN.ipynb
[I 10:49:14.946 NotebookApp] Saving file at /FACT-project/LUMEN.ipynb
[I 10:51:14.910 NotebookApp] Saving file at /FACT-project/LUMEN.ipynb
[I 10:53:15.208 NotebookApp] Saving file at /FACT-project/LUMEN.ipynb
[I 10:55:14.885 NotebookApp] Saving file at /FACT-project/LUMEN.ipynb
[I 10:57:15.178 NotebookApp] Saving file at /FACT-project/LUMEN.ipynb
[I 10:59:14.895 NotebookApp] Saving file at /FACT-project/LUMEN.ipynb
[I 11:01:14.901 NotebookApp] Saving file at /FACT-project/LUMEN.ipynb
[I 11:02:12.105 NotebookApp] Kernel interrupted: 732af6a1-fda6-46db-9df9-f9c336e8baa8
[I 11:03:14.898 NotebookApp] Saving file at /FACT-project/LUMEN.ipynb
[I 11:05:14.883 NotebookApp] Saving file at /FACT-project/LUMEN.ipynb
[I 11:07:14.885 NotebookApp] Saving file at /FACT-project/LUMEN.ipynb
[I 11:09:14.870 NotebookApp] Saving file at /FACT-project/LUMEN.ipynb
[I 11:13:14.881 NotebookApp] Saving file at /FACT-project/LUMEN.ipynb
[I 11:15:14.873 NotebookApp] Saving file at /FACT-project/LUMEN.ipynb
[I 11:15:23.512 NotebookApp] Kernel restarted: 732af6a1-fda6-46db-9df9-f9c336e8baa8
[I 11:16:51.156 NotebookApp] New terminal with automatic name: 1
[I 11:17:14.904 NotebookApp] Saving file at /FACT-project/LUMEN.ipynb
[I 11:19:15.182 NotebookApp] Saving file at /FACT-project/LUMEN.ipynb
[I 11:21:15.204 NotebookApp] Saving file at /FACT-project/LUMEN.ipynb
[I 11:22:32.337 NotebookApp] Saving file at /FACT-project/LUMEN-Ablation.ipynb
[I 11:22:39.863 NotebookApp] Kernel restarted: 732af6a1-fda6-46db-9df9-f9c336e8baa8
[I 11:23:14.896 NotebookApp] Saving file at /FACT-project/LUMEN.ipynb
[I 11:24:32.317 NotebookApp] Saving file at /FACT-project/LUMEN-Ablation.ipynb
[I 11:25:14.870 NotebookApp] Saving file at /FACT-project/LUMEN.ipynb
[I 11:27:15.171 NotebookApp] Saving file at /FACT-project/LUMEN.ipynb
[I 11:29:14.878 NotebookApp] Saving file at /FACT-project/LUMEN.ipynb
[I 11:31:15.174 NotebookApp] Saving file at /FACT-project/LUMEN.ipynb
[I 11:33:14.849 NotebookApp] Saving file at /FACT-project/LUMEN.ipynb
[I 11:35:14.874 NotebookApp] Saving file at /FACT-project/LUMEN.ipynb
[I 11:37:15.211 NotebookApp] Saving file at /FACT-project/LUMEN.ipynb
[I 11:39:14.897 NotebookApp] Saving file at /FACT-project/LUMEN.ipynb
[I 11:41:14.853 NotebookApp] Saving file at /FACT-project/LUMEN.ipynb
[I 11:42:32.330 NotebookApp] Saving file at /FACT-project/LUMEN-Ablation.ipynb
[I 11:43:15.176 NotebookApp] Saving file at /FACT-project/LUMEN.ipynb
[I 11:43:57.752 NotebookApp] Starting buffering for b761631d-4cea-4d3c-b977-a28478d49641:d45c5bbf7b56482f85876cd0b9df1049
[I 11:43:59.320 NotebookApp] Restoring connection for b761631d-4cea-4d3c-b977-a28478d49641:d45c5bbf7b56482f85876cd0b9df1049
[I 11:45:14.889 NotebookApp] Saving file at /FACT-project/LUMEN.ipynb
[W 11:45:29.321 NotebookApp] WebSocket ping timeout after 90001 ms.
[W 11:45:29.345 NotebookApp] WebSocket ping timeout after 90000 ms.
[W 11:45:29.431 NotebookApp] zmq message arrived on closed channel
[W 11:45:29.814 NotebookApp] zmq message arrived on closed channel
[W 11:45:30.200 NotebookApp] zmq message arrived on closed channel
[W 11:45:30.587 NotebookApp] zmq message arrived on closed channel
[W 11:45:31.111 NotebookApp] zmq message arrived on closed channel
[W 11:45:31.604 NotebookApp] zmq message arrived on closed channel
[W 11:45:32.011 NotebookApp] zmq message arrived on closed channel
[W 11:45:32.413 NotebookApp] zmq message arrived on closed channel
[W 11:45:32.819 NotebookApp] zmq message arrived on closed channel
[W 11:45:33.222 NotebookApp] zmq message arrived on closed channel
[W 11:45:33.727 NotebookApp] zmq message arrived on closed channel
[W 11:45:34.137 NotebookApp] zmq message arrived on closed channel
[I 11:45:34.322 NotebookApp] Starting buffering for b761631d-4cea-4d3c-b977-a28478d49641:d45c5bbf7b56482f85876cd0b9df1049
[W 11:48:51.979 NotebookApp] WebSocket ping timeout after 119992 ms.
Exception in callback BaseAsyncIOLoop._handle_events(49, 1)
handle: <Handle BaseAsyncIOLoop._handle_events(49, 1)>
Traceback (most recent call last):
  File "/home/scur1045/.conda/envs/FACT/lib/python3.7/asyncio/events.py", line 88, in _run
    self._context.run(self._callback, *self._args)
  File "/home/scur1045/.conda/envs/FACT/lib/python3.7/site-packages/tornado/platform/asyncio.py", line 206, in _handle_events
    handler_func(fileobj, events)
  File "/home/scur1045/.conda/envs/FACT/lib/python3.7/site-packages/terminado/management.py", line 252, in pty_read
    client.on_pty_read(s)
  File "/home/scur1045/.conda/envs/FACT/lib/python3.7/site-packages/terminado/websocket.py", line 73, in on_pty_read
    self.send_json_message(["stdout", text])
  File "/home/scur1045/.conda/envs/FACT/lib/python3.7/site-packages/terminado/websocket.py", line 77, in send_json_message
    self.write_message(json_msg)
  File "/home/scur1045/.conda/envs/FACT/lib/python3.7/site-packages/notebook/terminal/handlers.py", line 74, in write_message
    super().write_message(message, binary=binary)
  File "/home/scur1045/.conda/envs/FACT/lib/python3.7/site-packages/tornado/websocket.py", line 336, in write_message
    raise WebSocketClosedError()
tornado.websocket.WebSocketClosedError
Exception in callback BaseAsyncIOLoop._handle_events(49, 1)
handle: <Handle BaseAsyncIOLoop._handle_events(49, 1)>
Traceback (most recent call last):
  File "/home/scur1045/.conda/envs/FACT/lib/python3.7/asyncio/events.py", line 88, in _run
    self._context.run(self._callback, *self._args)
  File "/home/scur1045/.conda/envs/FACT/lib/python3.7/site-packages/tornado/platform/asyncio.py", line 206, in _handle_events
    handler_func(fileobj, events)
  File "/home/scur1045/.conda/envs/FACT/lib/python3.7/site-packages/terminado/management.py", line 252, in pty_read
    client.on_pty_read(s)
  File "/home/scur1045/.conda/envs/FACT/lib/python3.7/site-packages/terminado/websocket.py", line 73, in on_pty_read
    self.send_json_message(["stdout", text])
  File "/home/scur1045/.conda/envs/FACT/lib/python3.7/site-packages/terminado/websocket.py", line 77, in send_json_message
    self.write_message(json_msg)
  File "/home/scur1045/.conda/envs/FACT/lib/python3.7/site-packages/notebook/terminal/handlers.py", line 74, in write_message
    super().write_message(message, binary=binary)
  File "/home/scur1045/.conda/envs/FACT/lib/python3.7/site-packages/tornado/websocket.py", line 336, in write_message
    raise WebSocketClosedError()
tornado.websocket.WebSocketClosedError
Exception in callback BaseAsyncIOLoop._handle_events(49, 1)
handle: <Handle BaseAsyncIOLoop._handle_events(49, 1)>
Traceback (most recent call last):
  File "/home/scur1045/.conda/envs/FACT/lib/python3.7/asyncio/events.py", line 88, in _run
    self._context.run(self._callback, *self._args)
  File "/home/scur1045/.conda/envs/FACT/lib/python3.7/site-packages/tornado/platform/asyncio.py", line 206, in _handle_events
    handler_func(fileobj, events)
  File "/home/scur1045/.conda/envs/FACT/lib/python3.7/site-packages/terminado/management.py", line 252, in pty_read
    client.on_pty_read(s)
  File "/home/scur1045/.conda/envs/FACT/lib/python3.7/site-packages/terminado/websocket.py", line 73, in on_pty_read
    self.send_json_message(["stdout", text])
  File "/home/scur1045/.conda/envs/FACT/lib/python3.7/site-packages/terminado/websocket.py", line 77, in send_json_message
    self.write_message(json_msg)
  File "/home/scur1045/.conda/envs/FACT/lib/python3.7/site-packages/notebook/terminal/handlers.py", line 74, in write_message
    super().write_message(message, binary=binary)
  File "/home/scur1045/.conda/envs/FACT/lib/python3.7/site-packages/tornado/websocket.py", line 336, in write_message
    raise WebSocketClosedError()
tornado.websocket.WebSocketClosedError
[W 11:49:09.898 NotebookApp] WebSocket ping timeout after 118108 ms.
[W 11:49:10.212 NotebookApp] zmq message arrived on closed channel
[W 11:49:10.605 NotebookApp] zmq message arrived on closed channel
[W 11:49:10.976 NotebookApp] zmq message arrived on closed channel
[W 11:49:11.396 NotebookApp] zmq message arrived on closed channel
[W 11:49:11.799 NotebookApp] zmq message arrived on closed channel
[W 11:49:12.191 NotebookApp] zmq message arrived on closed channel
[W 11:49:12.599 NotebookApp] zmq message arrived on closed channel
[W 11:49:12.982 NotebookApp] zmq message arrived on closed channel
[W 11:49:13.368 NotebookApp] zmq message arrived on closed channel
[W 11:49:13.816 NotebookApp] zmq message arrived on closed channel
[W 11:49:14.180 NotebookApp] zmq message arrived on closed channel
[W 11:49:14.574 NotebookApp] zmq message arrived on closed channel
[I 11:49:14.899 NotebookApp] Starting buffering for 732af6a1-fda6-46db-9df9-f9c336e8baa8:7d925312377648a6870f7af5c439dbf0
[I 12:18:17.631 NotebookApp] Discarding 4373 buffered messages for 732af6a1-fda6-46db-9df9-f9c336e8baa8:7d925312377648a6870f7af5c439dbf0
[I 12:18:59.766 NotebookApp] Starting buffering for 732af6a1-fda6-46db-9df9-f9c336e8baa8:0dc766686e734c8691b17730e157b165
[I 13:22:17.404 NotebookApp] Saving file at /FACT-project/LUMEN.ipynb
[I 13:22:43.208 NotebookApp] 302 GET /?token=0458901a7ea5187873bac6235a47cc21a02909656554b833 (::1) 0.410000ms
[I 13:22:54.960 NotebookApp] Discarding 1958 buffered messages for 732af6a1-fda6-46db-9df9-f9c336e8baa8:0dc766686e734c8691b17730e157b165
[I 13:23:04.014 NotebookApp] Starting buffering for 732af6a1-fda6-46db-9df9-f9c336e8baa8:80eb67e04ad24ddf8ebd5682b9d31050
[I 13:23:07.057 NotebookApp] Kernel restarted: 732af6a1-fda6-46db-9df9-f9c336e8baa8
[I 13:23:07.079 NotebookApp] Restoring connection for 732af6a1-fda6-46db-9df9-f9c336e8baa8:80eb67e04ad24ddf8ebd5682b9d31050
[I 13:23:08.084 NotebookApp] Replaying 3 buffered messages
[I 13:24:54.316 NotebookApp] Saving file at /FACT-project/LUMEN.ipynb
[I 13:30:53.954 NotebookApp] Saving file at /FACT-project/LUMEN.ipynb
[I 13:32:54.271 NotebookApp] Saving file at /FACT-project/LUMEN.ipynb
[I 13:34:54.233 NotebookApp] Saving file at /FACT-project/LUMEN.ipynb
[I 13:42:54.229 NotebookApp] Saving file at /FACT-project/LUMEN.ipynb
[I 13:44:30.790 NotebookApp] Starting buffering for 732af6a1-fda6-46db-9df9-f9c336e8baa8:80eb67e04ad24ddf8ebd5682b9d31050
[I 13:44:32.037 NotebookApp] Kernel restarted: 732af6a1-fda6-46db-9df9-f9c336e8baa8
[I 13:44:32.081 NotebookApp] Restoring connection for 732af6a1-fda6-46db-9df9-f9c336e8baa8:80eb67e04ad24ddf8ebd5682b9d31050
[I 13:44:32.678 NotebookApp] Replaying 3 buffered messages
[I 13:44:53.938 NotebookApp] Saving file at /FACT-project/LUMEN.ipynb
[I 13:46:53.983 NotebookApp] Saving file at /FACT-project/LUMEN.ipynb
[I 13:48:53.941 NotebookApp] Saving file at /FACT-project/LUMEN.ipynb
[I 13:50:53.971 NotebookApp] Saving file at /FACT-project/LUMEN.ipynb
[I 13:51:25.222 NotebookApp] Starting buffering for 732af6a1-fda6-46db-9df9-f9c336e8baa8:80eb67e04ad24ddf8ebd5682b9d31050
[I 14:07:39.551 NotebookApp] Restoring connection for 732af6a1-fda6-46db-9df9-f9c336e8baa8:80eb67e04ad24ddf8ebd5682b9d31050
[I 14:31:29.052 NotebookApp] Starting buffering for 732af6a1-fda6-46db-9df9-f9c336e8baa8:80eb67e04ad24ddf8ebd5682b9d31050
[I 14:39:24.538 NotebookApp] Restoring connection for 732af6a1-fda6-46db-9df9-f9c336e8baa8:80eb67e04ad24ddf8ebd5682b9d31050
slurmstepd: error: *** JOB 4952931 ON gcn67 CANCELLED AT 2024-01-23T14:53:01 DUE TO TIME LIMIT ***
[I 14:53:01.649 NotebookApp] Starting buffering for 732af6a1-fda6-46db-9df9-f9c336e8baa8:80eb67e04ad24ddf8ebd5682b9d31050

JOB STATISTICS
==============
Job ID: 4952931
Cluster: snellius
User/Group: scur1045/scur1045
State: TIMEOUT (exit code 0)
Nodes: 1
Cores per node: 18
CPU Utilized: 00:00:01
CPU Efficiency: 0.00% of 3-18:09:00 core-walltime
Job Wall-clock time: 05:00:30
Memory Utilized: 33.04 GB
Memory Efficiency: 27.53% of 120.00 GB
