============================================================================================== 
Warning! Mixing Conda and module environments may lead to corruption of the
user environment. 
We do not recommend users mixing those two environments unless absolutely
necessary. Note that 
SURF does not provide any support for Conda environment.
For more information, please refer to our software policy page:
https://servicedesk.surf.nl/wiki/display/WIKI/Software+policy+Snellius#SoftwarepolicySnelliusandLisa-UseofAnacondaandMinicondaenvironmentsonSnellius 

Remember that many packages have already been installed on the system and can
be loaded using 
the 'module load <package__name>' command. If you are uncertain if a package is
already available 
on the system, please use 'module avail' or 'module spider' to search for it.
============================================================================================== 
To connect to the notebook type the following command from your local terminal:
ssh -N -J scur1045@int5-pub.snellius.surf.nl scur1045@gcn13.local.snellius.surf.nl -L 5770:localhost:5770

After connection is established in your local browser go to the address:
http://localhost:5770
[I 08:10:07.209 NotebookApp] Serving notebooks from local directory: /gpfs/home5/scur1045/FACT-project
[I 08:10:07.210 NotebookApp] Jupyter Notebook 6.5.6 is running at:
[I 08:10:07.210 NotebookApp] http://localhost:5770/?token=ea686b87fec6d2c74f1bace26c3e703ad69bf14889b307e2
[I 08:10:07.210 NotebookApp]  or http://127.0.0.1:5770/?token=ea686b87fec6d2c74f1bace26c3e703ad69bf14889b307e2
[I 08:10:07.210 NotebookApp] Use Control-C to stop this server and shut down all kernels (twice to skip confirmation).
[C 08:10:07.217 NotebookApp] 
    
    To access the notebook, open this file in a browser:
        file:///gpfs/home5/scur1045/.local/share/jupyter/runtime/nbserver-2838044-open.html
    Or copy and paste one of these URLs:
        http://localhost:5770/?token=ea686b87fec6d2c74f1bace26c3e703ad69bf14889b307e2
     or http://127.0.0.1:5770/?token=ea686b87fec6d2c74f1bace26c3e703ad69bf14889b307e2
[I 08:50:40.952 NotebookApp] 302 GET /?token=ea686b87fec6d2c74f1bace26c3e703ad69bf14889b307e2 (::1) 1.890000ms
[W 08:50:44.719 NotebookApp] Notebook LUMEN_serghei.ipynb is not trusted
[I 08:50:45.065 NotebookApp] Kernel started: 0209a193-77eb-4774-b806-b46ea7668ef4, name: python3
[IPKernelApp] ERROR | No such comm target registered: jupyter.widget.control
[IPKernelApp] WARNING | No such comm: 2e8c685d-e54f-41e1-8813-3731b20e8327
[I 08:52:45.807 NotebookApp] Saving file at /LUMEN_serghei.ipynb
[I 08:54:45.786 NotebookApp] Saving file at /LUMEN_serghei.ipynb
[I 08:56:45.790 NotebookApp] Saving file at /LUMEN_serghei.ipynb
[I 08:58:45.788 NotebookApp] Saving file at /LUMEN_serghei.ipynb
[I 09:00:45.787 NotebookApp] Saving file at /LUMEN_serghei.ipynb
[I 09:02:45.778 NotebookApp] Saving file at /LUMEN_serghei.ipynb
[I 09:04:45.773 NotebookApp] Saving file at /LUMEN_serghei.ipynb
[I 09:06:45.766 NotebookApp] Saving file at /LUMEN_serghei.ipynb
[I 09:08:45.751 NotebookApp] Saving file at /LUMEN_serghei.ipynb
[I 09:10:45.745 NotebookApp] Saving file at /LUMEN_serghei.ipynb
[I 09:12:45.760 NotebookApp] Saving file at /LUMEN_serghei.ipynb
[I 09:14:25.553 NotebookApp] Saving file at /LUMEN_serghei.ipynb
[I 09:14:26.573 NotebookApp] Saving file at /LUMEN_serghei.ipynb
[I 09:14:44.993 NotebookApp] Saving file at /LUMEN_serghei.ipynb
[I 09:15:33.613 NotebookApp] Kernel interrupted: 0209a193-77eb-4774-b806-b46ea7668ef4
[I 09:15:42.463 NotebookApp] Starting buffering for 0209a193-77eb-4774-b806-b46ea7668ef4:714f40698ff44935986217542e973801
[I 09:15:44.201 NotebookApp] Kernel restarted: 0209a193-77eb-4774-b806-b46ea7668ef4
[I 09:15:44.228 NotebookApp] Restoring connection for 0209a193-77eb-4774-b806-b46ea7668ef4:714f40698ff44935986217542e973801
[I 09:15:45.233 NotebookApp] Replaying 3 buffered messages
[I 09:16:45.743 NotebookApp] Saving file at /LUMEN_serghei.ipynb
[I 09:16:58.375 NotebookApp] Saving file at /LUMEN_serghei.ipynb
[I 09:16:59.623 NotebookApp] Saving file at /LUMEN_serghei.ipynb
[I 09:17:39.601 NotebookApp] Saving file at /LUMEN_serghei.ipynb
[I 09:17:46.304 NotebookApp] Saving file at /LUMEN_serghei.ipynb
[I 09:17:48.311 NotebookApp] Saving file at /LUMEN_serghei.ipynb
[I 09:17:50.448 NotebookApp] Saving file at /LUMEN_serghei.ipynb
[I 09:24:35.914 NotebookApp] Starting buffering for 0209a193-77eb-4774-b806-b46ea7668ef4:714f40698ff44935986217542e973801
[I 09:24:37.054 NotebookApp] Kernel restarted: 0209a193-77eb-4774-b806-b46ea7668ef4
[I 09:24:37.179 NotebookApp] Restoring connection for 0209a193-77eb-4774-b806-b46ea7668ef4:714f40698ff44935986217542e973801
[I 09:24:38.183 NotebookApp] Replaying 3 buffered messages
[I 09:24:44.962 NotebookApp] Saving file at /LUMEN_serghei_reproducibility.ipynb
[I 09:25:00.470 NotebookApp] Saving file at /LUMEN_serghei_reproducibility.ipynb
[I 09:25:31.903 NotebookApp] Saving file at /LUMEN_serghei_reproducibility.ipynb
[I 09:25:44.449 NotebookApp] Starting buffering for 0209a193-77eb-4774-b806-b46ea7668ef4:714f40698ff44935986217542e973801
[I 09:25:45.585 NotebookApp] Kernel restarted: 0209a193-77eb-4774-b806-b46ea7668ef4
[I 09:25:45.685 NotebookApp] Restoring connection for 0209a193-77eb-4774-b806-b46ea7668ef4:714f40698ff44935986217542e973801
[I 09:25:46.167 NotebookApp] Replaying 3 buffered messages
[I 09:26:45.713 NotebookApp] Saving file at /LUMEN_serghei_reproducibility.ipynb
[I 09:28:06.560 NotebookApp] Saving file at /LUMEN_serghei_reproducibility.ipynb
[I 09:28:10.251 NotebookApp] Starting buffering for 0209a193-77eb-4774-b806-b46ea7668ef4:714f40698ff44935986217542e973801
[I 09:28:11.389 NotebookApp] Kernel restarted: 0209a193-77eb-4774-b806-b46ea7668ef4
[I 09:28:11.414 NotebookApp] Restoring connection for 0209a193-77eb-4774-b806-b46ea7668ef4:714f40698ff44935986217542e973801
[I 09:28:12.059 NotebookApp] Replaying 3 buffered messages
[I 09:28:45.708 NotebookApp] Saving file at /LUMEN_serghei_reproducibility.ipynb
[I 09:32:44.959 NotebookApp] Saving file at /LUMEN_serghei_reproducibility.ipynb
[I 09:34:33.029 NotebookApp] Saving file at /LUMEN_serghei_reproducibility.ipynb
[I 09:34:44.944 NotebookApp] Saving file at /LUMEN_serghei_reproducibility.ipynb
[I 09:36:45.699 NotebookApp] Saving file at /LUMEN_serghei_reproducibility.ipynb
[I 09:38:44.942 NotebookApp] Saving file at /LUMEN_serghei_reproducibility.ipynb
[I 09:39:04.608 NotebookApp] Starting buffering for 0209a193-77eb-4774-b806-b46ea7668ef4:714f40698ff44935986217542e973801
[I 09:39:05.942 NotebookApp] Kernel restarted: 0209a193-77eb-4774-b806-b46ea7668ef4
[I 09:39:05.967 NotebookApp] Restoring connection for 0209a193-77eb-4774-b806-b46ea7668ef4:714f40698ff44935986217542e973801
[I 09:39:06.636 NotebookApp] Replaying 3 buffered messages
[I 09:40:45.681 NotebookApp] Saving file at /LUMEN_serghei_reproducibility.ipynb
[I 09:42:45.671 NotebookApp] Saving file at /LUMEN_serghei_reproducibility.ipynb
[I 09:44:45.671 NotebookApp] Saving file at /LUMEN_serghei_reproducibility.ipynb
[I 09:46:45.667 NotebookApp] Saving file at /LUMEN_serghei_reproducibility.ipynb
[I 09:48:45.654 NotebookApp] Saving file at /LUMEN_serghei_reproducibility.ipynb
[I 09:50:45.656 NotebookApp] Saving file at /LUMEN_serghei_reproducibility.ipynb
[E 09:50:45.758 NotebookApp] Error while saving file: LUMEN_serghei_reproducibility.ipynb disk I/O error
    Traceback (most recent call last):
      File "/home/scur1045/.conda/envs/FACT/lib/python3.7/site-packages/notebook/services/contents/filemanager.py", line 492, in save
        self.check_and_sign(nb, path)
      File "/home/scur1045/.conda/envs/FACT/lib/python3.7/site-packages/notebook/services/contents/manager.py", line 490, in check_and_sign
        self.notary.sign(nb)
      File "/home/scur1045/.conda/envs/FACT/lib/python3.7/site-packages/nbformat/sign.py", line 464, in sign
        self.store.store_signature(signature, self.algorithm)
      File "/home/scur1045/.conda/envs/FACT/lib/python3.7/site-packages/nbformat/sign.py", line 207, in store_signature
        (algorithm, digest, datetime.now(tz=timezone.utc)),
    sqlite3.OperationalError: disk I/O error
[W 09:50:45.763 NotebookApp] 500 PUT /api/contents/LUMEN_serghei_reproducibility.ipynb (::1): Unexpected error while saving file: LUMEN_serghei_reproducibility.ipynb disk I/O error
[W 09:50:45.763 NotebookApp] Unexpected error while saving file: LUMEN_serghei_reproducibility.ipynb disk I/O error
[E 09:50:45.764 NotebookApp] {
      "Host": "localhost:5770",
      "Accept": "application/json, text/javascript, */*; q=0.01",
      "Referer": "http://localhost:5770/notebooks/LUMEN_serghei_reproducibility.ipynb",
      "User-Agent": "Mozilla/5.0 (Macintosh; Intel Mac OS X 10_15_7) AppleWebKit/537.36 (KHTML, like Gecko) Chrome/120.0.0.0 Safari/537.36"
    }
[E 09:50:45.764 NotebookApp] 500 PUT /api/contents/LUMEN_serghei_reproducibility.ipynb (::1) 108.870000ms referer=http://localhost:5770/notebooks/LUMEN_serghei_reproducibility.ipynb
[I 09:51:44.881 NotebookApp] Saving file at /LUMEN_serghei_reproducibility.ipynb
[I 09:52:31.616 NotebookApp] Saving file at /LUMEN_serghei_reproducibility.ipynb
[I 09:52:36.493 NotebookApp] Saving file at /LUMEN_serghei_reproducibility.ipynb
[I 09:52:46.591 NotebookApp] Starting buffering for 0209a193-77eb-4774-b806-b46ea7668ef4:714f40698ff44935986217542e973801
[I 09:52:47.928 NotebookApp] Kernel restarted: 0209a193-77eb-4774-b806-b46ea7668ef4
[I 09:52:47.959 NotebookApp] Restoring connection for 0209a193-77eb-4774-b806-b46ea7668ef4:714f40698ff44935986217542e973801
[I 09:52:48.965 NotebookApp] Replaying 3 buffered messages
[I 09:54:22.165 NotebookApp] Saving file at /LUMEN_serghei_reproducibility.ipynb
[I 09:54:26.424 NotebookApp] Saving file at /LUMEN_serghei_reproducibility.ipynb
[I 09:54:34.233 NotebookApp] Saving file at /LUMEN_serghei_reproducibility.ipynb
[I 09:54:44.890 NotebookApp] Saving file at /LUMEN_serghei_reproducibility.ipynb
[I 09:54:53.917 NotebookApp] Kernel interrupted: 0209a193-77eb-4774-b806-b46ea7668ef4
[I 09:54:57.767 NotebookApp] Starting buffering for 0209a193-77eb-4774-b806-b46ea7668ef4:714f40698ff44935986217542e973801
[I 09:54:59.108 NotebookApp] Kernel restarted: 0209a193-77eb-4774-b806-b46ea7668ef4
[I 09:54:59.195 NotebookApp] Restoring connection for 0209a193-77eb-4774-b806-b46ea7668ef4:714f40698ff44935986217542e973801
[I 09:55:00.201 NotebookApp] Replaying 3 buffered messages
[I 09:56:44.895 NotebookApp] Saving file at /LUMEN_serghei_reproducibility.ipynb
[I 09:58:44.891 NotebookApp] Saving file at /LUMEN_serghei_reproducibility.ipynb
[I 10:00:45.631 NotebookApp] Saving file at /LUMEN_serghei_reproducibility.ipynb
[I 10:02:45.625 NotebookApp] Saving file at /LUMEN_serghei_reproducibility.ipynb
[I 10:04:45.630 NotebookApp] Saving file at /LUMEN_serghei_reproducibility.ipynb
[I 10:06:44.870 NotebookApp] Saving file at /LUMEN_serghei_reproducibility.ipynb
[I 10:06:48.204 NotebookApp] Kernel interrupted: 0209a193-77eb-4774-b806-b46ea7668ef4
[I 10:06:59.165 NotebookApp] Starting buffering for 0209a193-77eb-4774-b806-b46ea7668ef4:714f40698ff44935986217542e973801
[I 10:07:00.511 NotebookApp] Kernel restarted: 0209a193-77eb-4774-b806-b46ea7668ef4
[I 10:07:00.538 NotebookApp] Restoring connection for 0209a193-77eb-4774-b806-b46ea7668ef4:714f40698ff44935986217542e973801
[I 10:07:01.315 NotebookApp] Replaying 3 buffered messages
[I 10:08:45.630 NotebookApp] Saving file at /LUMEN_serghei_reproducibility.ipynb
[I 10:09:14.775 NotebookApp] Saving file at /LUMEN_serghei_reproducibility.ipynb
[I 10:09:22.728 NotebookApp] Saving file at /LUMEN_serghei_reproducibility.ipynb
[I 10:09:23.309 NotebookApp] Saving file at /LUMEN_serghei_reproducibility.ipynb
[I 10:10:44.858 NotebookApp] Saving file at /LUMEN_serghei_reproducibility.ipynb
[I 10:12:45.602 NotebookApp] Saving file at /LUMEN_serghei_reproducibility.ipynb
[I 10:14:45.603 NotebookApp] Saving file at /LUMEN_serghei_reproducibility.ipynb
[I 10:16:45.597 NotebookApp] Saving file at /LUMEN_serghei_reproducibility.ipynb
[I 10:18:45.590 NotebookApp] Saving file at /LUMEN_serghei_reproducibility.ipynb
[I 10:20:45.590 NotebookApp] Saving file at /LUMEN_serghei_reproducibility.ipynb
[I 10:25:20.174 NotebookApp] Starting buffering for 0209a193-77eb-4774-b806-b46ea7668ef4:714f40698ff44935986217542e973801
[W 10:25:20.385 NotebookApp] Notebook LUMEN_serghei_reproducibility.ipynb is not trusted
[I 10:25:20.730 NotebookApp] Discarding 1 buffered messages for 0209a193-77eb-4774-b806-b46ea7668ef4:714f40698ff44935986217542e973801
[I 10:25:41.265 NotebookApp] Starting buffering for 0209a193-77eb-4774-b806-b46ea7668ef4:39f374d946634dde8a89e81b0e0bcae4
[I 10:25:43.009 NotebookApp] Kernel restarted: 0209a193-77eb-4774-b806-b46ea7668ef4
[I 10:25:43.128 NotebookApp] Restoring connection for 0209a193-77eb-4774-b806-b46ea7668ef4:39f374d946634dde8a89e81b0e0bcae4
[I 10:25:43.754 NotebookApp] Replaying 36 buffered messages
[I 10:27:21.577 NotebookApp] Saving file at /LUMEN_serghei_reproducibility.ipynb
[I 10:29:21.575 NotebookApp] Saving file at /LUMEN_serghei_reproducibility.ipynb
[I 10:31:21.566 NotebookApp] Saving file at /LUMEN_serghei_reproducibility.ipynb
[I 10:33:21.557 NotebookApp] Saving file at /LUMEN_serghei_reproducibility.ipynb
[I 10:35:21.561 NotebookApp] Saving file at /LUMEN_serghei_reproducibility.ipynb
[I 10:37:21.556 NotebookApp] Saving file at /LUMEN_serghei_reproducibility.ipynb
[I 10:39:21.551 NotebookApp] Saving file at /LUMEN_serghei_reproducibility.ipynb
[I 10:41:21.536 NotebookApp] Saving file at /LUMEN_serghei_reproducibility.ipynb
[I 10:43:36.541 NotebookApp] Saving file at /LUMEN_serghei_reproducibility.ipynb
[I 10:45:38.539 NotebookApp] Saving file at /LUMEN_serghei_reproducibility.ipynb
[I 10:47:40.535 NotebookApp] Saving file at /LUMEN_serghei_reproducibility.ipynb
[I 10:49:42.535 NotebookApp] Saving file at /LUMEN_serghei_reproducibility.ipynb
[I 10:51:43.579 NotebookApp] Saving file at /LUMEN_serghei_reproducibility.ipynb
[I 10:53:43.574 NotebookApp] Saving file at /LUMEN_serghei_reproducibility.ipynb
[I 10:55:43.566 NotebookApp] Saving file at /LUMEN_serghei_reproducibility.ipynb
[I 10:57:21.523 NotebookApp] Saving file at /LUMEN_serghei_reproducibility.ipynb
[I 10:59:21.526 NotebookApp] Saving file at /LUMEN_serghei_reproducibility.ipynb
[I 11:01:21.530 NotebookApp] Saving file at /LUMEN_serghei_reproducibility.ipynb
[I 11:03:21.518 NotebookApp] Saving file at /LUMEN_serghei_reproducibility.ipynb
[I 11:05:21.515 NotebookApp] Saving file at /LUMEN_serghei_reproducibility.ipynb
[I 11:07:21.516 NotebookApp] Saving file at /LUMEN_serghei_reproducibility.ipynb
[I 11:09:21.512 NotebookApp] Saving file at /LUMEN_serghei_reproducibility.ipynb
[I 11:11:21.510 NotebookApp] Saving file at /LUMEN_serghei_reproducibility.ipynb
[I 11:13:21.510 NotebookApp] Saving file at /LUMEN_serghei_reproducibility.ipynb
[I 11:15:21.506 NotebookApp] Saving file at /LUMEN_serghei_reproducibility.ipynb
[I 11:17:21.507 NotebookApp] Saving file at /LUMEN_serghei_reproducibility.ipynb
[I 11:19:21.502 NotebookApp] Saving file at /LUMEN_serghei_reproducibility.ipynb
[I 11:21:21.497 NotebookApp] Saving file at /LUMEN_serghei_reproducibility.ipynb
[I 11:23:21.497 NotebookApp] Saving file at /LUMEN_serghei_reproducibility.ipynb
[I 11:25:21.487 NotebookApp] Saving file at /LUMEN_serghei_reproducibility.ipynb
[I 11:27:21.489 NotebookApp] Saving file at /LUMEN_serghei_reproducibility.ipynb
[I 11:29:21.486 NotebookApp] Saving file at /LUMEN_serghei_reproducibility.ipynb
[I 11:31:21.485 NotebookApp] Saving file at /LUMEN_serghei_reproducibility.ipynb
[I 11:33:21.485 NotebookApp] Saving file at /LUMEN_serghei_reproducibility.ipynb
[I 11:39:21.482 NotebookApp] Saving file at /LUMEN_serghei_reproducibility.ipynb
[I 11:41:21.478 NotebookApp] Saving file at /LUMEN_serghei_reproducibility.ipynb
[I 11:43:21.473 NotebookApp] Saving file at /LUMEN_serghei_reproducibility.ipynb
[I 12:19:21.434 NotebookApp] Saving file at /LUMEN_serghei_reproducibility.ipynb
[I 12:21:21.428 NotebookApp] Saving file at /LUMEN_serghei_reproducibility.ipynb
[I 12:23:20.524 NotebookApp] Saving file at /LUMEN_serghei_reproducibility.ipynb
[I 12:25:20.522 NotebookApp] Saving file at /LUMEN_serghei_reproducibility.ipynb
[I 12:27:20.521 NotebookApp] Saving file at /LUMEN_serghei_reproducibility.ipynb
[I 12:29:20.512 NotebookApp] Saving file at /LUMEN_serghei_reproducibility.ipynb
[I 12:31:20.508 NotebookApp] Saving file at /LUMEN_serghei_reproducibility.ipynb
[I 12:33:20.496 NotebookApp] Saving file at /LUMEN_serghei_reproducibility.ipynb
[I 12:35:20.504 NotebookApp] Saving file at /LUMEN_serghei_reproducibility.ipynb
[I 12:37:21.387 NotebookApp] Saving file at /LUMEN_serghei_reproducibility.ipynb
[I 12:39:20.486 NotebookApp] Saving file at /LUMEN_serghei_reproducibility.ipynb
[I 12:41:21.391 NotebookApp] Saving file at /LUMEN_serghei_reproducibility.ipynb
[I 12:43:21.369 NotebookApp] Saving file at /LUMEN_serghei_reproducibility.ipynb
[I 12:45:21.376 NotebookApp] Saving file at /LUMEN_serghei_reproducibility.ipynb
[I 12:47:21.364 NotebookApp] Saving file at /LUMEN_serghei_reproducibility.ipynb
[I 12:49:21.362 NotebookApp] Saving file at /LUMEN_serghei_reproducibility.ipynb
[I 12:51:21.353 NotebookApp] Saving file at /LUMEN_serghei_reproducibility.ipynb
[I 12:53:21.354 NotebookApp] Saving file at /LUMEN_serghei_reproducibility.ipynb
[I 12:55:21.345 NotebookApp] Saving file at /LUMEN_serghei_reproducibility.ipynb
[I 12:57:21.344 NotebookApp] Saving file at /LUMEN_serghei_reproducibility.ipynb
[I 12:59:20.450 NotebookApp] Saving file at /LUMEN_serghei_reproducibility.ipynb
[I 13:01:21.334 NotebookApp] Saving file at /LUMEN_serghei_reproducibility.ipynb
[I 13:03:21.333 NotebookApp] Saving file at /LUMEN_serghei_reproducibility.ipynb
[I 13:05:21.325 NotebookApp] Saving file at /LUMEN_serghei_reproducibility.ipynb
[I 13:07:21.322 NotebookApp] Saving file at /LUMEN_serghei_reproducibility.ipynb
[I 13:09:21.318 NotebookApp] Saving file at /LUMEN_serghei_reproducibility.ipynb
slurmstepd: error: *** JOB 5076242 ON gcn13 CANCELLED AT 2024-02-01T13:10:10 DUE TO TIME LIMIT ***
[I 13:10:10.774 NotebookApp] Starting buffering for 0209a193-77eb-4774-b806-b46ea7668ef4:39f374d946634dde8a89e81b0e0bcae4

JOB STATISTICS
==============
Job ID: 5076242
Cluster: snellius
User/Group: scur1045/scur1045
State: TIMEOUT (exit code 0)
Nodes: 1
Cores per node: 18
CPU Utilized: 00:00:01
CPU Efficiency: 0.00% of 3-18:04:30 core-walltime
Job Wall-clock time: 05:00:15
Memory Utilized: 17.89 GB
Memory Efficiency: 14.91% of 120.00 GB
