============================================================================================== 
Warning! Mixing Conda and module environments may lead to corruption of the
user environment. 
We do not recommend users mixing those two environments unless absolutely
necessary. Note that 
SURF does not provide any support for Conda environment.
For more information, please refer to our software policy page:
https://servicedesk.surf.nl/wiki/display/WIKI/Software+policy+Snellius+and+Lisa#SoftwarepolicySnelliusandLisa-UseofAnacondaandMinicondaenvironmentsonSnellius 

Remember that many packages have already been installed on the system and can
be loaded using 
the 'module load <package__name>' command. If you are uncertain if a package is
already available 
on the system, please use 'module avail' or 'module spider' to search for it.
============================================================================================== 
To connect to the notebook type the following command from your local terminal:
ssh -N -J scur1045@int5-pub.snellius.surf.nl scur1045@gcn14.local.snellius.surf.nl -L 5570:localhost:5570

After connection is established in your local browser go to the address:
http://localhost:5570
[I 09:01:29.795 NotebookApp] Serving notebooks from local directory: /gpfs/home5/scur1045
[I 09:01:29.795 NotebookApp] Jupyter Notebook 6.5.6 is running at:
[I 09:01:29.795 NotebookApp] http://localhost:5570/?token=2a31dfa0f746a665673ab06839d3265c297ff3538123bc7f
[I 09:01:29.795 NotebookApp]  or http://127.0.0.1:5570/?token=2a31dfa0f746a665673ab06839d3265c297ff3538123bc7f
[I 09:01:29.795 NotebookApp] Use Control-C to stop this server and shut down all kernels (twice to skip confirmation).
[C 09:01:32.783 NotebookApp] 
    
    To access the notebook, open this file in a browser:
        file:///gpfs/home5/scur1045/.local/share/jupyter/runtime/nbserver-4153173-open.html
    Or copy and paste one of these URLs:
        http://localhost:5570/?token=2a31dfa0f746a665673ab06839d3265c297ff3538123bc7f
     or http://127.0.0.1:5570/?token=2a31dfa0f746a665673ab06839d3265c297ff3538123bc7f
[I 09:03:26.416 NotebookApp] 302 GET /?token=2a31dfa0f746a665673ab06839d3265c297ff3538123bc7f (::1) 0.460000ms
[I 09:03:32.893 NotebookApp] Kernel started: 6ac04838-9a4c-4a09-b932-496d13d74477, name: python3
[IPKernelApp] ERROR | No such comm target registered: jupyter.widget.control
[IPKernelApp] WARNING | No such comm: e74615e4-57b8-4b21-9f01-010fee80d61a
[I 09:05:32.894 NotebookApp] Saving file at /FACT-project/LUMEN.ipynb
[I 09:07:32.878 NotebookApp] Saving file at /FACT-project/LUMEN.ipynb
[I 09:09:33.104 NotebookApp] Saving file at /FACT-project/LUMEN.ipynb
[I 09:11:32.872 NotebookApp] Saving file at /FACT-project/LUMEN.ipynb
[I 09:12:35.258 NotebookApp] Saving file at /FACT-project/LUMEN.ipynb
[I 09:13:32.924 NotebookApp] Saving file at /FACT-project/LUMEN.ipynb
[I 09:15:33.653 NotebookApp] Saving file at /FACT-project/LUMEN.ipynb
[I 09:17:33.647 NotebookApp] Saving file at /FACT-project/LUMEN.ipynb
[I 09:19:33.639 NotebookApp] Saving file at /FACT-project/LUMEN.ipynb
[I 09:21:33.639 NotebookApp] Saving file at /FACT-project/LUMEN.ipynb
[I 09:23:32.923 NotebookApp] Saving file at /FACT-project/LUMEN.ipynb
[I 09:25:32.848 NotebookApp] Saving file at /FACT-project/LUMEN.ipynb
[I 09:25:41.841 NotebookApp] Saving file at /FACT-project/LUMEN.ipynb
[I 09:27:33.626 NotebookApp] Saving file at /FACT-project/LUMEN.ipynb
[I 09:29:32.849 NotebookApp] Saving file at /FACT-project/LUMEN.ipynb
[I 09:31:33.226 NotebookApp] Saving file at /FACT-project/LUMEN.ipynb
[I 09:33:33.633 NotebookApp] Saving file at /FACT-project/LUMEN.ipynb
[I 09:35:32.830 NotebookApp] Saving file at /FACT-project/LUMEN.ipynb
[I 09:37:33.892 NotebookApp] Saving file at /FACT-project/LUMEN.ipynb
[I 09:39:33.608 NotebookApp] Saving file at /FACT-project/LUMEN.ipynb
[I 09:41:33.891 NotebookApp] Saving file at /FACT-project/LUMEN.ipynb
[I 09:45:32.797 NotebookApp] Saving file at /FACT-project/LUMEN.ipynb
[I 09:46:49.250 NotebookApp] Kernel interrupted: 6ac04838-9a4c-4a09-b932-496d13d74477
[I 09:47:32.792 NotebookApp] Saving file at /FACT-project/LUMEN.ipynb
[I 09:49:02.000 NotebookApp] Saving file at /FACT-project/LUMEN.ipynb
[I 09:49:02.776 NotebookApp] Saving file at /FACT-project/LUMEN.ipynb
[I 09:49:32.781 NotebookApp] Saving file at /FACT-project/LUMEN.ipynb
[I 09:51:32.777 NotebookApp] Saving file at /FACT-project/LUMEN.ipynb
[I 09:53:32.765 NotebookApp] Saving file at /FACT-project/LUMEN.ipynb
[I 09:55:32.764 NotebookApp] Saving file at /FACT-project/LUMEN.ipynb
[I 09:57:32.767 NotebookApp] Saving file at /FACT-project/LUMEN.ipynb
[I 10:11:21.090 NotebookApp] Saving file at /FACT-project/LUMEN.ipynb
[I 10:13:33.525 NotebookApp] Saving file at /FACT-project/LUMEN.ipynb
[I 10:15:33.584 NotebookApp] Saving file at /FACT-project/LUMEN.ipynb
[I 10:17:33.513 NotebookApp] Saving file at /FACT-project/LUMEN.ipynb
[I 10:19:33.503 NotebookApp] Saving file at /FACT-project/LUMEN.ipynb
[I 10:21:33.491 NotebookApp] Saving file at /FACT-project/LUMEN.ipynb
[I 10:23:33.499 NotebookApp] Saving file at /FACT-project/LUMEN.ipynb
[I 10:25:32.687 NotebookApp] Saving file at /FACT-project/LUMEN.ipynb
[I 10:26:13.593 NotebookApp] Saving file at /FACT-project/LUMEN.ipynb
[I 10:27:33.490 NotebookApp] Saving file at /FACT-project/LUMEN.ipynb
[I 10:29:32.676 NotebookApp] Saving file at /FACT-project/LUMEN.ipynb
[I 10:31:32.671 NotebookApp] Saving file at /FACT-project/LUMEN.ipynb
[I 10:33:13.801 NotebookApp] Saving file at /FACT-project/LUMEN.ipynb
[I 10:33:15.491 NotebookApp] Saving file at /FACT-project/LUMEN.ipynb
[I 10:39:32.672 NotebookApp] Saving file at /FACT-project/LUMEN.ipynb
[I 10:41:32.664 NotebookApp] Saving file at /FACT-project/LUMEN.ipynb
[I 10:43:32.649 NotebookApp] Saving file at /FACT-project/LUMEN.ipynb
[I 10:44:12.970 NotebookApp] Saving file at /FACT-project/LUMEN.ipynb
[I 10:45:32.644 NotebookApp] Saving file at /FACT-project/LUMEN.ipynb
[I 10:47:33.434 NotebookApp] Saving file at /FACT-project/LUMEN.ipynb
[I 10:49:33.436 NotebookApp] Saving file at /FACT-project/LUMEN.ipynb
[I 10:51:56.418 NotebookApp] Saving file at /FACT-project/LUMEN.ipynb
[I 10:53:33.427 NotebookApp] Saving file at /FACT-project/LUMEN.ipynb
[I 10:55:33.416 NotebookApp] Saving file at /FACT-project/LUMEN.ipynb
[I 10:57:32.620 NotebookApp] Saving file at /FACT-project/LUMEN.ipynb
[I 11:01:32.617 NotebookApp] Saving file at /FACT-project/LUMEN.ipynb
[I 11:03:32.596 NotebookApp] Saving file at /FACT-project/LUMEN.ipynb
[I 11:03:37.623 NotebookApp] 302 GET /notebooks/FACT-project/LUMEN.ipynb (::1) 0.640000ms
[I 11:03:57.664 NotebookApp] 302 GET /?token=2a31dfa0f746a665673ab06839d3265c297ff3538123bc7f (::1) 0.380000ms
[I 11:04:06.508 NotebookApp] Saving file at /FACT-project/LUMEN.ipynb
[I 11:04:11.335 NotebookApp] Saving file at /FACT-project/LUMEN.ipynb
[I 11:04:12.480 NotebookApp] Saving file at /FACT-project/LUMEN.ipynb
[I 11:06:06.612 NotebookApp] Saving file at /FACT-project/LUMEN.ipynb
[I 11:06:14.408 NotebookApp] Saving file at /FACT-project/LUMEN.ipynb
[I 11:08:14.723 NotebookApp] Saving file at /FACT-project/LUMEN.ipynb
[I 11:09:04.875 NotebookApp] Starting buffering for 6ac04838-9a4c-4a09-b932-496d13d74477:5e0672e812de4a70812e2c16d4e6e09f
[I 11:09:06.814 NotebookApp] Kernel restarted: 6ac04838-9a4c-4a09-b932-496d13d74477
[I 11:09:06.964 NotebookApp] Restoring connection for 6ac04838-9a4c-4a09-b932-496d13d74477:5e0672e812de4a70812e2c16d4e6e09f
[I 11:09:08.505 NotebookApp] Replaying 3 buffered messages
[I 11:10:15.384 NotebookApp] Saving file at /FACT-project/LUMEN.ipynb
[I 11:12:15.379 NotebookApp] Saving file at /FACT-project/LUMEN.ipynb
[I 11:13:30.905 NotebookApp] Saving file at /FACT-project/LUMEN.ipynb
[I 11:14:14.386 NotebookApp] Saving file at /FACT-project/LUMEN.ipynb
[I 11:14:32.316 NotebookApp] Saving file at /FACT-project/LUMEN.ipynb
[I 11:14:35.067 NotebookApp] Saving file at /FACT-project/LUMEN.ipynb
[I 11:14:36.735 NotebookApp] Saving file at /FACT-project/LUMEN.ipynb
[I 11:16:15.374 NotebookApp] Saving file at /FACT-project/LUMEN.ipynb
[I 11:18:15.369 NotebookApp] Saving file at /FACT-project/LUMEN.ipynb
[I 11:20:36.366 NotebookApp] Saving file at /FACT-project/LUMEN.ipynb
[I 11:22:38.390 NotebookApp] Saving file at /FACT-project/LUMEN.ipynb
[I 11:24:40.358 NotebookApp] Saving file at /FACT-project/LUMEN.ipynb
[I 11:26:14.353 NotebookApp] Saving file at /FACT-project/LUMEN.ipynb
[I 11:28:10.094 NotebookApp] Saving file at /FACT-project/LUMEN.ipynb
[I 11:28:14.355 NotebookApp] Saving file at /FACT-project/LUMEN.ipynb
[I 11:28:42.621 NotebookApp] Saving file at /FACT-project/LUMEN.ipynb
[I 11:30:14.356 NotebookApp] Saving file at /FACT-project/LUMEN.ipynb
[I 11:30:38.845 NotebookApp] Saving file at /FACT-project/LUMEN.ipynb
[I 11:32:15.349 NotebookApp] Saving file at /FACT-project/LUMEN.ipynb
[I 11:40:14.335 NotebookApp] Saving file at /FACT-project/LUMEN.ipynb
[I 11:42:14.324 NotebookApp] Saving file at /FACT-project/LUMEN.ipynb
[I 11:44:15.330 NotebookApp] Saving file at /FACT-project/LUMEN.ipynb
[I 11:46:15.326 NotebookApp] Saving file at /FACT-project/LUMEN.ipynb
[I 11:56:14.302 NotebookApp] Saving file at /FACT-project/LUMEN.ipynb
[I 11:56:20.267 NotebookApp] Saving file at /FACT-project/LUMEN.ipynb
[I 11:58:15.294 NotebookApp] Saving file at /FACT-project/LUMEN.ipynb
[I 12:00:15.312 NotebookApp] Saving file at /FACT-project/LUMEN.ipynb
[I 12:02:15.284 NotebookApp] Saving file at /FACT-project/LUMEN.ipynb
[I 12:04:15.282 NotebookApp] Saving file at /FACT-project/LUMEN.ipynb
[I 12:06:19.399 NotebookApp] Saving file at /FACT-project/LUMEN.ipynb
[I 12:35:52.999 NotebookApp] Kernel interrupted: 6ac04838-9a4c-4a09-b932-496d13d74477
[I 12:36:27.686 NotebookApp] Saving file at /FACT-project/LUMEN.ipynb
[I 12:38:48.618 NotebookApp] Saving file at /FACT-project/LUMEN.ipynb
[I 12:41:08.274 NotebookApp] Saving file at /FACT-project/LUMEN.ipynb
[I 12:43:28.378 NotebookApp] Saving file at /FACT-project/LUMEN.ipynb
[I 12:59:48.119 NotebookApp] Saving file at /FACT-project/LUMEN.ipynb
slurmstepd: error: *** JOB 5014476 ON gcn14 CANCELLED AT 2024-01-28T13:01:44 DUE TO TIME LIMIT ***
[I 13:01:44.513 NotebookApp] Starting buffering for 6ac04838-9a4c-4a09-b932-496d13d74477:5e0672e812de4a70812e2c16d4e6e09f

JOB STATISTICS
==============
Job ID: 5014476
Cluster: snellius
User/Group: scur1045/scur1045
State: TIMEOUT (exit code 0)
Nodes: 1
Cores per node: 18
CPU Utilized: 00:00:01
CPU Efficiency: 0.00% of 3-00:07:30 core-walltime
Job Wall-clock time: 04:00:25
Memory Utilized: 22.88 GB
Memory Efficiency: 19.07% of 120.00 GB
