============================================================================================== 
Warning! Mixing Conda and module environments may lead to corruption of the
user environment. 
We do not recommend users mixing those two environments unless absolutely
necessary. Note that 
SURF does not provide any support for Conda environment.
For more information, please refer to our software policy page:
https://servicedesk.surf.nl/wiki/display/WIKI/Software+policy+Snellius+and+Lisa#SoftwarepolicySnelliusandLisa-UseofAnacondaandMinicondaenvironmentsonSnellius 

Remember that many packages have already been installed on the system and can
be loaded using 
the 'module load <package__name>' command. If you are uncertain if a package is
already available 
on the system, please use 'module avail' or 'module spider' to search for it.
============================================================================================== 
To connect to the notebook type the following command from your local terminal:
ssh -N -J scur1045@int5-pub.snellius.surf.nl scur1045@gcn53.local.snellius.surf.nl -L 5112:localhost:5112

After connection is established in your local browser go to the address:
http://localhost:5112
[I 12:41:52.302 NotebookApp] Serving notebooks from local directory: /gpfs/home5/scur1045/FACT-project
[I 12:41:52.302 NotebookApp] Jupyter Notebook 6.5.6 is running at:
[I 12:41:52.302 NotebookApp] http://localhost:5112/?token=3e6825de70699eccaadde743487ce412ed530a5be6c105f8
[I 12:41:52.302 NotebookApp]  or http://127.0.0.1:5112/?token=3e6825de70699eccaadde743487ce412ed530a5be6c105f8
[I 12:41:52.302 NotebookApp] Use Control-C to stop this server and shut down all kernels (twice to skip confirmation).
[C 12:41:52.308 NotebookApp] 
    
    To access the notebook, open this file in a browser:
        file:///gpfs/home5/scur1045/.local/share/jupyter/runtime/nbserver-2941909-open.html
    Or copy and paste one of these URLs:
        http://localhost:5112/?token=3e6825de70699eccaadde743487ce412ed530a5be6c105f8
     or http://127.0.0.1:5112/?token=3e6825de70699eccaadde743487ce412ed530a5be6c105f8
[I 13:39:57.943 NotebookApp] 302 GET /?token=3e6825de70699eccaadde743487ce412ed530a5be6c105f8 (::1) 0.490000ms
[I 13:40:02.668 NotebookApp] Kernel started: c8343aec-b9f3-4188-af65-afc1f75a3041, name: python3
[IPKernelApp] ERROR | No such comm target registered: jupyter.widget.control
[IPKernelApp] WARNING | No such comm: 833a0234-c71a-4927-b5b2-67b3d409c569
[I 13:40:26.179 NotebookApp] Saving file at /LUMEN.ipynb
[I 13:42:02.669 NotebookApp] Saving file at /LUMEN.ipynb
[I 13:42:43.689 NotebookApp] Kernel interrupted: c8343aec-b9f3-4188-af65-afc1f75a3041
[I 13:44:03.294 NotebookApp] Saving file at /LUMEN.ipynb
[I 13:46:03.293 NotebookApp] Saving file at /LUMEN.ipynb
[I 13:48:03.589 NotebookApp] Saving file at /LUMEN.ipynb
[I 13:56:02.640 NotebookApp] Saving file at /LUMEN.ipynb
[I 14:05:10.590 NotebookApp] Saving file at /LUMEN.ipynb
[I 14:06:02.624 NotebookApp] Saving file at /LUMEN.ipynb
[I 14:06:53.920 NotebookApp] Saving file at /LUMEN.ipynb
[I 14:08:03.116 NotebookApp] Saving file at /LUMEN.ipynb
[I 14:10:03.119 NotebookApp] Saving file at /LUMEN.ipynb
[I 14:12:03.127 NotebookApp] Saving file at /LUMEN.ipynb
[I 14:20:02.590 NotebookApp] Saving file at /LUMEN.ipynb
[I 14:22:02.598 NotebookApp] Saving file at /LUMEN.ipynb
[I 14:24:02.591 NotebookApp] Saving file at /LUMEN.ipynb
[I 14:26:02.584 NotebookApp] Saving file at /LUMEN.ipynb
[I 14:28:02.566 NotebookApp] Saving file at /LUMEN.ipynb
[I 14:28:04.262 NotebookApp] Saving file at /LUMEN.ipynb
[I 14:30:02.588 NotebookApp] Saving file at /LUMEN.ipynb
[I 14:31:50.353 NotebookApp] Saving file at /LUMEN.ipynb
[I 14:32:28.537 NotebookApp] Saving file at /LUMEN.ipynb
[I 14:32:31.182 NotebookApp] Saving file at /LUMEN.ipynb
[I 14:33:05.690 NotebookApp] Saving file at /LUMEN.ipynb
[I 14:33:26.908 NotebookApp] Saving file at /LUMEN.ipynb
[I 14:33:27.637 NotebookApp] Saving file at /LUMEN.ipynb
[I 14:33:31.546 NotebookApp] Saving file at /LUMEN.ipynb
[I 14:33:49.718 NotebookApp] Starting buffering for c8343aec-b9f3-4188-af65-afc1f75a3041:c799c92a81874ee39c40cb6db9aad2f8
[I 14:33:51.352 NotebookApp] Kernel restarted: c8343aec-b9f3-4188-af65-afc1f75a3041
[I 14:33:51.379 NotebookApp] Restoring connection for c8343aec-b9f3-4188-af65-afc1f75a3041:c799c92a81874ee39c40cb6db9aad2f8
[I 14:33:52.029 NotebookApp] Replaying 3 buffered messages
[I 14:34:02.533 NotebookApp] Saving file at /LUMEN.ipynb
[I 14:42:02.522 NotebookApp] Saving file at /LUMEN.ipynb
[I 14:44:02.509 NotebookApp] Saving file at /LUMEN.ipynb
[I 14:46:02.507 NotebookApp] Saving file at /LUMEN.ipynb
[I 14:46:14.310 NotebookApp] Saving file at /LUMEN.ipynb
[I 14:48:03.009 NotebookApp] Saving file at /LUMEN.ipynb
[I 14:50:03.017 NotebookApp] Saving file at /LUMEN.ipynb
[I 14:52:03.009 NotebookApp] Saving file at /LUMEN.ipynb
[I 14:54:03.009 NotebookApp] Saving file at /LUMEN.ipynb
[I 14:56:13.003 NotebookApp] Saving file at /LUMEN.ipynb
[I 14:58:15.000 NotebookApp] Saving file at /LUMEN.ipynb
[I 15:00:16.996 NotebookApp] Saving file at /LUMEN.ipynb
[I 15:02:18.992 NotebookApp] Saving file at /LUMEN.ipynb
[I 15:04:03.111 NotebookApp] Saving file at /LUMEN.ipynb
[I 15:06:02.995 NotebookApp] Saving file at /LUMEN.ipynb
[I 15:08:02.987 NotebookApp] Saving file at /LUMEN.ipynb
[I 15:10:26.977 NotebookApp] Saving file at /LUMEN.ipynb
[I 15:12:28.978 NotebookApp] Saving file at /LUMEN.ipynb
[I 15:14:30.986 NotebookApp] Saving file at /LUMEN.ipynb
[I 15:16:32.971 NotebookApp] Saving file at /LUMEN.ipynb
[I 15:18:34.980 NotebookApp] Saving file at /LUMEN.ipynb
[I 15:20:36.972 NotebookApp] Saving file at /LUMEN.ipynb
[I 15:22:38.969 NotebookApp] Saving file at /LUMEN.ipynb
[I 15:24:40.969 NotebookApp] Saving file at /LUMEN.ipynb
[I 15:26:42.977 NotebookApp] Saving file at /LUMEN.ipynb
[I 15:28:44.960 NotebookApp] Saving file at /LUMEN.ipynb
[I 15:30:46.957 NotebookApp] Saving file at /LUMEN.ipynb
[I 15:32:15.950 NotebookApp] Saving file at /LUMEN.ipynb
[I 15:34:02.971 NotebookApp] Saving file at /LUMEN.ipynb
[I 15:36:02.972 NotebookApp] Saving file at /LUMEN.ipynb
[I 15:38:02.447 NotebookApp] Saving file at /LUMEN.ipynb
[I 15:40:02.443 NotebookApp] Saving file at /LUMEN.ipynb
[I 15:42:02.436 NotebookApp] Saving file at /LUMEN.ipynb
[I 15:44:02.427 NotebookApp] Saving file at /LUMEN.ipynb
[I 15:46:02.424 NotebookApp] Saving file at /LUMEN.ipynb
[I 15:48:02.422 NotebookApp] Saving file at /LUMEN.ipynb
[I 15:50:02.422 NotebookApp] Saving file at /LUMEN.ipynb
[I 15:52:02.448 NotebookApp] Saving file at /LUMEN.ipynb
[I 15:54:02.418 NotebookApp] Saving file at /LUMEN.ipynb
[I 15:56:02.402 NotebookApp] Saving file at /LUMEN.ipynb
[I 15:58:02.913 NotebookApp] Saving file at /LUMEN.ipynb
[I 16:00:02.902 NotebookApp] Saving file at /LUMEN.ipynb
[I 16:02:02.900 NotebookApp] Saving file at /LUMEN.ipynb
[I 16:04:02.372 NotebookApp] Saving file at /LUMEN.ipynb
[I 16:06:02.885 NotebookApp] Saving file at /LUMEN.ipynb
[I 16:08:02.899 NotebookApp] Saving file at /LUMEN.ipynb
[I 16:10:02.879 NotebookApp] Saving file at /LUMEN.ipynb
[I 16:12:02.874 NotebookApp] Saving file at /LUMEN.ipynb
[I 16:14:02.869 NotebookApp] Saving file at /LUMEN.ipynb
[I 16:16:02.859 NotebookApp] Saving file at /LUMEN.ipynb
[I 16:18:02.867 NotebookApp] Saving file at /LUMEN.ipynb
[I 16:20:02.857 NotebookApp] Saving file at /LUMEN.ipynb
[I 16:22:02.850 NotebookApp] Saving file at /LUMEN.ipynb
[I 16:24:02.845 NotebookApp] Saving file at /LUMEN.ipynb
[I 16:26:02.849 NotebookApp] Saving file at /LUMEN.ipynb
[I 16:28:02.852 NotebookApp] Saving file at /LUMEN.ipynb
[I 16:30:02.838 NotebookApp] Saving file at /LUMEN.ipynb
[I 16:32:49.857 NotebookApp] Saving file at /LUMEN.ipynb
[I 16:34:02.832 NotebookApp] Saving file at /LUMEN.ipynb
[I 16:36:02.822 NotebookApp] Saving file at /LUMEN.ipynb
[I 16:38:02.828 NotebookApp] Saving file at /LUMEN.ipynb
[I 16:40:02.819 NotebookApp] Saving file at /LUMEN.ipynb
[I 17:08:02.241 NotebookApp] Saving file at /LUMEN.ipynb
[I 17:08:25.707 NotebookApp] Saving file at /LUMEN.ipynb
[I 17:10:02.232 NotebookApp] Saving file at /LUMEN.ipynb
[I 17:12:02.235 NotebookApp] Saving file at /LUMEN.ipynb
[I 17:14:02.223 NotebookApp] Saving file at /LUMEN.ipynb
[I 17:16:02.249 NotebookApp] Saving file at /LUMEN.ipynb
[I 17:18:02.224 NotebookApp] Saving file at /LUMEN.ipynb
[I 17:20:02.518 NotebookApp] Saving file at /LUMEN.ipynb
[I 17:22:02.209 NotebookApp] Saving file at /LUMEN.ipynb
[I 17:24:02.200 NotebookApp] Saving file at /LUMEN.ipynb
[I 17:26:02.193 NotebookApp] Saving file at /LUMEN.ipynb
[I 17:28:02.195 NotebookApp] Saving file at /LUMEN.ipynb
[I 17:30:02.703 NotebookApp] Saving file at /LUMEN.ipynb
[I 17:32:02.690 NotebookApp] Saving file at /LUMEN.ipynb
[I 17:34:21.688 NotebookApp] Saving file at /LUMEN.ipynb
[I 17:36:23.680 NotebookApp] Saving file at /LUMEN.ipynb
[I 17:38:13.667 NotebookApp] Saving file at /LUMEN.ipynb
[I 17:40:26.548 NotebookApp] Saving file at /LUMEN.ipynb
[I 17:42:02.158 NotebookApp] Saving file at /LUMEN.ipynb
[I 17:44:02.155 NotebookApp] Saving file at /LUMEN.ipynb
[I 17:46:02.143 NotebookApp] Saving file at /LUMEN.ipynb
[I 17:48:02.140 NotebookApp] Saving file at /LUMEN.ipynb
[I 17:50:02.134 NotebookApp] Saving file at /LUMEN.ipynb
[I 17:52:02.137 NotebookApp] Saving file at /LUMEN.ipynb
[I 17:54:02.128 NotebookApp] Saving file at /LUMEN.ipynb
[I 17:56:02.630 NotebookApp] Saving file at /LUMEN.ipynb
[I 17:58:02.628 NotebookApp] Saving file at /LUMEN.ipynb
[I 18:00:02.624 NotebookApp] Saving file at /LUMEN.ipynb
[I 18:02:02.100 NotebookApp] Saving file at /LUMEN.ipynb
[I 18:04:02.270 NotebookApp] Saving file at /LUMEN.ipynb
[I 18:05:39.159 NotebookApp] Saving file at /LUMEN.ipynb
[I 18:05:44.697 NotebookApp] Saving file at /LUMEN.ipynb
[I 18:08:02.111 NotebookApp] Saving file at /LUMEN.ipynb
[I 18:09:36.682 NotebookApp] Kernel interrupted: c8343aec-b9f3-4188-af65-afc1f75a3041
[I 18:09:37.380 NotebookApp] Saving file at /LUMEN.ipynb
[I 18:10:02.094 NotebookApp] Saving file at /LUMEN.ipynb
[I 18:12:02.085 NotebookApp] Saving file at /LUMEN.ipynb
[I 18:14:02.083 NotebookApp] Saving file at /LUMEN.ipynb
[I 18:16:42.983 NotebookApp] Kernel interrupted: c8343aec-b9f3-4188-af65-afc1f75a3041
[I 18:17:15.415 NotebookApp] Saving file at /LUMEN.ipynb
[I 18:20:02.569 NotebookApp] Saving file at /LUMEN.ipynb
[I 18:22:02.054 NotebookApp] Saving file at /LUMEN.ipynb
[I 18:24:02.572 NotebookApp] Saving file at /LUMEN.ipynb
[I 18:27:54.173 NotebookApp] Starting buffering for c8343aec-b9f3-4188-af65-afc1f75a3041:c799c92a81874ee39c40cb6db9aad2f8
[I 18:27:55.834 NotebookApp] Kernel restarted: c8343aec-b9f3-4188-af65-afc1f75a3041
[I 18:27:55.856 NotebookApp] Restoring connection for c8343aec-b9f3-4188-af65-afc1f75a3041:c799c92a81874ee39c40cb6db9aad2f8
[I 18:27:56.902 NotebookApp] Replaying 3 buffered messages
[I 18:28:02.057 NotebookApp] Saving file at /LUMEN.ipynb
[I 18:30:02.048 NotebookApp] Saving file at /LUMEN.ipynb
[I 18:32:02.045 NotebookApp] Saving file at /LUMEN.ipynb
slurmstepd: error: *** JOB 5015110 ON gcn53 CANCELLED AT 2024-01-28T18:41:49 DUE TO TIME LIMIT ***
[I 18:41:49.610 NotebookApp] Starting buffering for c8343aec-b9f3-4188-af65-afc1f75a3041:c799c92a81874ee39c40cb6db9aad2f8

JOB STATISTICS
==============
Job ID: 5015110
Cluster: snellius
User/Group: scur1045/scur1045
State: TIMEOUT (exit code 0)
Nodes: 1
Cores per node: 18
CPU Utilized: 00:00:01
CPU Efficiency: 0.00% of 4-12:04:30 core-walltime
Job Wall-clock time: 06:00:15
Memory Utilized: 17.27 GB
Memory Efficiency: 14.39% of 120.00 GB
